Replace Part *1 DEBO3 3.7LI 1.0A in C:\Studium\FS24\ELO2\MiniProjekt\Altium\01_main.SchDoc with DEBO3 3.7LI 1.0A from SchLib.SchLib
Replace Part A1 Raspberry_Pico_W in C:\Studium\FS24\ELO2\MiniProjekt\Altium\01_main.SchDoc with Raspberry_Pico_W from SchLib.SchLib
Replace Part C1 Cap Pol1 in C:\Studium\FS24\ELO2\MiniProjekt\Altium\01_main.SchDoc with Cap Pol1 from Miscellaneous Devices.IntLib
Replace Part C2 Cap in C:\Studium\FS24\ELO2\MiniProjekt\Altium\01_main.SchDoc with Cap from Miscellaneous Devices.IntLib
Replace Part C3 Cap in C:\Studium\FS24\ELO2\MiniProjekt\Altium\01_main.SchDoc with Cap from Miscellaneous Devices.IntLib
Replace Part C4 Cap Pol1 in C:\Studium\FS24\ELO2\MiniProjekt\Altium\01_main.SchDoc with Cap Pol1 from Miscellaneous Devices.IntLib
Replace Part C5 Cap in C:\Studium\FS24\ELO2\MiniProjekt\Altium\01_main.SchDoc with Cap from Miscellaneous Devices.IntLib
Replace Part C6 Cap Pol1 in C:\Studium\FS24\ELO2\MiniProjekt\Altium\01_main.SchDoc with Cap Pol1 from Miscellaneous Devices.IntLib
Replace Part C7 Cap in C:\Studium\FS24\ELO2\MiniProjekt\Altium\01_main.SchDoc with Cap from Miscellaneous Devices.IntLib
Replace Part D1 LED0 in C:\Studium\FS24\ELO2\MiniProjekt\Altium\01_main.SchDoc with LED0 from Miscellaneous Devices.IntLib
Replace Part D2 LED0 in C:\Studium\FS24\ELO2\MiniProjekt\Altium\01_main.SchDoc with LED0 from Miscellaneous Devices.IntLib
Replace Part D3 LED0 in C:\Studium\FS24\ELO2\MiniProjekt\Altium\01_main.SchDoc with LED0 from Miscellaneous Devices.IntLib
Replace Part D4 LED0 in C:\Studium\FS24\ELO2\MiniProjekt\Altium\01_main.SchDoc with LED0 from Miscellaneous Devices.IntLib
Replace Part D5 LED0 in C:\Studium\FS24\ELO2\MiniProjekt\Altium\01_main.SchDoc with LED0 from Miscellaneous Devices.IntLib
Replace Part D6 LED0 in C:\Studium\FS24\ELO2\MiniProjekt\Altium\01_main.SchDoc with LED0 from Miscellaneous Devices.IntLib
Replace Part D7 LED0 in C:\Studium\FS24\ELO2\MiniProjekt\Altium\01_main.SchDoc with LED0 from Miscellaneous Devices.IntLib
Replace Part D8 LED0 in C:\Studium\FS24\ELO2\MiniProjekt\Altium\01_main.SchDoc with LED0 from Miscellaneous Devices.IntLib
Replace Part K1 MAX1674EUA+T in C:\Studium\FS24\ELO2\MiniProjekt\Altium\01_main.SchDoc with MAX1674EUA+T from SchLib.SchLib
Replace Part L1 Inductor in C:\Studium\FS24\ELO2\MiniProjekt\Altium\01_main.SchDoc with Inductor from Miscellaneous Devices.IntLib
Replace Part Q1 HC-SR04 in C:\Studium\FS24\ELO2\MiniProjekt\Altium\01_main.SchDoc with HC-SR04 from SchLib.SchLib
Replace Part Q2 PMOS-2 in C:\Studium\FS24\ELO2\MiniProjekt\Altium\01_main.SchDoc with PMOS-2 from Miscellaneous Devices.IntLib
Replace Part R1 Res2 in C:\Studium\FS24\ELO2\MiniProjekt\Altium\01_main.SchDoc with Res2 from Miscellaneous Devices.IntLib
Replace Part R2 Res2 in C:\Studium\FS24\ELO2\MiniProjekt\Altium\01_main.SchDoc with Res2 from Miscellaneous Devices.IntLib
Replace Part R3 Res2 in C:\Studium\FS24\ELO2\MiniProjekt\Altium\01_main.SchDoc with Res2 from Miscellaneous Devices.IntLib
Replace Part R4 Res2 in C:\Studium\FS24\ELO2\MiniProjekt\Altium\01_main.SchDoc with Res2 from Miscellaneous Devices.IntLib
Replace Part R5 Res2 in C:\Studium\FS24\ELO2\MiniProjekt\Altium\01_main.SchDoc with Res2 from Miscellaneous Devices.IntLib
Replace Part R6 Res2 in C:\Studium\FS24\ELO2\MiniProjekt\Altium\01_main.SchDoc with Res2 from Miscellaneous Devices.IntLib
Replace Part R7 Res2 in C:\Studium\FS24\ELO2\MiniProjekt\Altium\01_main.SchDoc with Res2 from Miscellaneous Devices.IntLib
Replace Part R8 Res2 in C:\Studium\FS24\ELO2\MiniProjekt\Altium\01_main.SchDoc with Res2 from Miscellaneous Devices.IntLib
Replace Part R9 Res2 in C:\Studium\FS24\ELO2\MiniProjekt\Altium\01_main.SchDoc with Res2 from Miscellaneous Devices.IntLib
Replace Part R10 Res2 in C:\Studium\FS24\ELO2\MiniProjekt\Altium\01_main.SchDoc with Res2 from Miscellaneous Devices.IntLib
Replace Part R11 Res2 in C:\Studium\FS24\ELO2\MiniProjekt\Altium\01_main.SchDoc with Res2 from Miscellaneous Devices.IntLib
Replace Part R12 Res2 in C:\Studium\FS24\ELO2\MiniProjekt\Altium\01_main.SchDoc with Res2 from Miscellaneous Devices.IntLib
Replace Part R13 Res2 in C:\Studium\FS24\ELO2\MiniProjekt\Altium\01_main.SchDoc with Res2 from Miscellaneous Devices.IntLib
Replace Part R14 Res2 in C:\Studium\FS24\ELO2\MiniProjekt\Altium\01_main.SchDoc with Res2 from Miscellaneous Devices.IntLib
Replace Part X1 Moley_2P in C:\Studium\FS24\ELO2\MiniProjekt\Altium\01_main.SchDoc with Moley_2P from SchLib.SchLib
Replace Part X2 JST_Stiftleiste_3P in C:\Studium\FS24\ELO2\MiniProjekt\Altium\01_main.SchDoc with JST_Stiftleiste_3P from SchLib.SchLib
