Replace Part C? Cap in C:\Studium\FS24\ELO2\Altium\Kaffemaschinen_Ladezustand\02_powersupply.SchDoc with Cap from Miscellaneous Devices.IntLib
Replace Part C? Cap in C:\Studium\FS24\ELO2\Altium\Kaffemaschinen_Ladezustand\02_powersupply.SchDoc with Cap from Miscellaneous Devices.IntLib
Replace Part C? Cap Pol1 in C:\Studium\FS24\ELO2\Altium\Kaffemaschinen_Ladezustand\02_powersupply.SchDoc with Cap Pol1 from Miscellaneous Devices.IntLib
Replace Part C? Cap Pol1 in C:\Studium\FS24\ELO2\Altium\Kaffemaschinen_Ladezustand\02_powersupply.SchDoc with Cap Pol1 from Miscellaneous Devices.IntLib
Replace Part C? Cap in C:\Studium\FS24\ELO2\Altium\Kaffemaschinen_Ladezustand\02_powersupply.SchDoc with Cap from Miscellaneous Devices.IntLib
Replace Part C? Cap in C:\Studium\FS24\ELO2\Altium\Kaffemaschinen_Ladezustand\02_powersupply.SchDoc with Cap from Miscellaneous Devices.IntLib
Replace Part C? Cap in C:\Studium\FS24\ELO2\Altium\Kaffemaschinen_Ladezustand\02_powersupply.SchDoc with Cap from Miscellaneous Devices.IntLib
Replace Part D? 3mm LED Red in C:\Studium\FS24\ELO2\Altium\Kaffemaschinen_Ladezustand\02_powersupply.SchDoc with 3mm LED Red from hslu_parts.SchLib
Replace Part D? 3mm LED Green in C:\Studium\FS24\ELO2\Altium\Kaffemaschinen_Ladezustand\02_powersupply.SchDoc with 3mm LED Green from hslu_parts.SchLib
Replace Part D? 3mm LED Red in C:\Studium\FS24\ELO2\Altium\Kaffemaschinen_Ladezustand\02_powersupply.SchDoc with 3mm LED Red from hslu_parts.SchLib
Replace Part G? LiPo_Akku in C:\Studium\FS24\ELO2\Altium\Kaffemaschinen_Ladezustand\02_powersupply.SchDoc with LiPo_Akku from SchLib.SchLib
Replace Part K? MAX1674EUA+T in C:\Studium\FS24\ELO2\Altium\Kaffemaschinen_Ladezustand\02_powersupply.SchDoc with MAX1674EUA+T from SchLib.SchLib
Replace Part L? Inductor in C:\Studium\FS24\ELO2\Altium\Kaffemaschinen_Ladezustand\02_powersupply.SchDoc with Inductor from Miscellaneous Devices.IntLib
Replace Part Q? MOSFET-P in C:\Studium\FS24\ELO2\Altium\Kaffemaschinen_Ladezustand\02_powersupply.SchDoc with MOSFET-P from Miscellaneous Devices.IntLib
Replace Part Q? MOSFET-P in C:\Studium\FS24\ELO2\Altium\Kaffemaschinen_Ladezustand\02_powersupply.SchDoc with MOSFET-P from Miscellaneous Devices.IntLib
Replace Part Q? LTC4412 in C:\Studium\FS24\ELO2\Altium\Kaffemaschinen_Ladezustand\02_powersupply.SchDoc with LTC4412 from SchLib.SchLib
Replace Part Q? MOSFET-P in C:\Studium\FS24\ELO2\Altium\Kaffemaschinen_Ladezustand\02_powersupply.SchDoc with MOSFET-P from Miscellaneous Devices.IntLib
Replace Part Q? PNP in C:\Studium\FS24\ELO2\Altium\Kaffemaschinen_Ladezustand\02_powersupply.SchDoc with PNP from Miscellaneous Devices.IntLib
Replace Part R? Res2 in C:\Studium\FS24\ELO2\Altium\Kaffemaschinen_Ladezustand\02_powersupply.SchDoc with Res2 from Miscellaneous Devices.IntLib
Replace Part R? Res2 in C:\Studium\FS24\ELO2\Altium\Kaffemaschinen_Ladezustand\02_powersupply.SchDoc with Res2 from Miscellaneous Devices.IntLib
Replace Part R? Res2 in C:\Studium\FS24\ELO2\Altium\Kaffemaschinen_Ladezustand\02_powersupply.SchDoc with Res2 from Miscellaneous Devices.IntLib
Replace Part R? Res2 in C:\Studium\FS24\ELO2\Altium\Kaffemaschinen_Ladezustand\02_powersupply.SchDoc with Res2 from Miscellaneous Devices.IntLib
Replace Part R? Res2 in C:\Studium\FS24\ELO2\Altium\Kaffemaschinen_Ladezustand\02_powersupply.SchDoc with Res2 from Miscellaneous Devices.IntLib
Replace Part R? Res2 in C:\Studium\FS24\ELO2\Altium\Kaffemaschinen_Ladezustand\02_powersupply.SchDoc with Res2 from Miscellaneous Devices.IntLib
Replace Part R? Res2 in C:\Studium\FS24\ELO2\Altium\Kaffemaschinen_Ladezustand\02_powersupply.SchDoc with Res2 from Miscellaneous Devices.IntLib
Replace Part R? Res2 in C:\Studium\FS24\ELO2\Altium\Kaffemaschinen_Ladezustand\02_powersupply.SchDoc with Res2 from Miscellaneous Devices.IntLib
Replace Part R? Res2 in C:\Studium\FS24\ELO2\Altium\Kaffemaschinen_Ladezustand\02_powersupply.SchDoc with Res2 from Miscellaneous Devices.IntLib
Replace Part T? LTC4056 in C:\Studium\FS24\ELO2\Altium\Kaffemaschinen_Ladezustand\02_powersupply.SchDoc with LTC4056 from SchLib.SchLib
